
> alphaweb@0.1.0 build
> set NODE_OPTIONS=--max-old-space-size=4096 && next build

   ▲ Next.js 15.5.9
   - Environments: .env.production, .env
   - Experiments (use with caution):
     ✓ memoryBasedWorkersCount

   Creating an optimized production build ...
 ✓ Compiled successfully in 11.9s
   Linting and checking validity of types ...
Failed to compile.

./src/app/dashboard/(pages)/collection/Addpackage.tsx:12:31
Type error: Cannot find module '../../../../../../../services/api' or its corresponding type declarations.

[0m [90m 10 |[39m }
 [90m 11 |[39m
[31m[1m>[22m[39m[90m 12 |[39m [36mimport[39m { createPackage } [36mfrom[39m [32m'../../../../../../../services/api'[39m
 [90m    |[39m                               [31m[1m^[22m[39m
 [90m 13 |[39m
 [90m 14 |[39m [36mconst[39m [33mAddpackage[39m [33m=[39m ({ packag[33m,[39m onClose }[33m:[39m pack) [33m=>[39m {
 [90m 15 |[39m   [36mconst[39m [form[33m,[39m setForm] [33m=[39m useState({[0m
Next.js build worker exited with code: 1 and signal: null
